<?xml version="1.0" encoding="UTF-8"?>
<!-- Generated by org.testng.reporters.JUnitReportReporter -->
<testsuite hostname="DESKTOP-7DP6FAQ" failures="0" tests="1" name="docker_grid.DockerChromeTest2" time="33.876" errors="0" timestamp="2020-12-19T11:14:26 IST" skipped="0">
  <testcase classname="docker_grid.DockerChromeTest2" name="dockerChrome2" time="33.876"/>
  <system-out/>
</testsuite> <!-- docker_grid.DockerChromeTest2 -->
