<?xml version="1.0" encoding="UTF-8"?>
<!-- Generated by org.testng.reporters.JUnitReportReporter -->
<testsuite hostname="DESKTOP-7DP6FAQ" failures="0" tests="1" name="docker_grid.DockerChromeTest3" time="6.586" errors="0" timestamp="2020-12-19T12:36:04 IST" skipped="0">
  <testcase classname="docker_grid.DockerChromeTest3" name="dockerChrome3" time="6.586"/>
  <system-out/>
</testsuite> <!-- docker_grid.DockerChromeTest3 -->
