<?xml version="1.0" encoding="UTF-8"?>
<!-- Generated by org.testng.reporters.JUnitReportReporter -->
<testsuite hostname="DESKTOP-7DP6FAQ" failures="0" tests="1" name="docker_grid.DockerStartStop" time="10.014" errors="0" timestamp="2020-12-19T12:21:41 IST" skipped="0">
  <testcase classname="docker_grid.DockerStartStop" name="stopDocker" time="10.014"/>
  <system-out/>
</testsuite> <!-- docker_grid.DockerStartStop -->
