<?xml version="1.0" encoding="UTF-8"?>
<!-- Generated by org.testng.reporters.JUnitReportReporter -->
<testsuite hostname="DESKTOP-7DP6FAQ" failures="0" tests="1" name="docker_grid.DockerFirefoxTest1" time="14.309" errors="0" timestamp="2020-12-19T12:36:04 IST" skipped="0">
  <testcase classname="docker_grid.DockerFirefoxTest1" name="dockerFirefox1" time="14.309"/>
  <system-out/>
</testsuite> <!-- docker_grid.DockerFirefoxTest1 -->
